-------------------------------------------------------------------------------
Test set: com.sistema.ventas.SistemaVentasApiApplicationTests
-------------------------------------------------------------------------------
Tests run: 1, Failures: 0, Errors: 1, Skipped: 0, Time elapsed: 13.929 s <<< FAILURE! - in com.sistema.ventas.SistemaVentasApiApplicationTests
contextLoads  Time elapsed: 0.017 s  <<< ERROR!
java.lang.IllegalStateException: Failed to load ApplicationContext
Caused by: org.springframework.beans.factory.UnsatisfiedDependencyException: Error creating bean with name 'autenticacionApi': Unsatisfied dependency expressed through field 'objIAutenticacionBO'; nested exception is org.springframework.beans.factory.UnsatisfiedDependencyException: Error creating bean with name 'autenticacionBOImpl': Unsatisfied dependency expressed through field 'authenticationManager'; nested exception is org.springframework.beans.factory.UnsatisfiedDependencyException: Error creating bean with name 'webSecurity': Unsatisfied dependency expressed through field 'customAuthenticationEntryPoint'; nested exception is org.springframework.beans.factory.BeanCreationException: Error creating bean with name 'customAuthenticationEntryPoint' defined in file [C:\workspace_ventas\sistema-ventas-api\target\classes\com\sistema\ventas\exceptions\CustomAuthenticationEntryPoint.class]: Instantiation of bean failed; nested exception is org.springframework.beans.BeanInstantiationException: Failed to instantiate [com.sistema.ventas.exceptions.CustomAuthenticationEntryPoint]: Constructor threw exception; nested exception is java.lang.NoClassDefFoundError: com/sistema/ventas/util/ClassTypeAdapter
Caused by: org.springframework.beans.factory.UnsatisfiedDependencyException: Error creating bean with name 'autenticacionBOImpl': Unsatisfied dependency expressed through field 'authenticationManager'; nested exception is org.springframework.beans.factory.UnsatisfiedDependencyException: Error creating bean with name 'webSecurity': Unsatisfied dependency expressed through field 'customAuthenticationEntryPoint'; nested exception is org.springframework.beans.factory.BeanCreationException: Error creating bean with name 'customAuthenticationEntryPoint' defined in file [C:\workspace_ventas\sistema-ventas-api\target\classes\com\sistema\ventas\exceptions\CustomAuthenticationEntryPoint.class]: Instantiation of bean failed; nested exception is org.springframework.beans.BeanInstantiationException: Failed to instantiate [com.sistema.ventas.exceptions.CustomAuthenticationEntryPoint]: Constructor threw exception; nested exception is java.lang.NoClassDefFoundError: com/sistema/ventas/util/ClassTypeAdapter
Caused by: org.springframework.beans.factory.UnsatisfiedDependencyException: Error creating bean with name 'webSecurity': Unsatisfied dependency expressed through field 'customAuthenticationEntryPoint'; nested exception is org.springframework.beans.factory.BeanCreationException: Error creating bean with name 'customAuthenticationEntryPoint' defined in file [C:\workspace_ventas\sistema-ventas-api\target\classes\com\sistema\ventas\exceptions\CustomAuthenticationEntryPoint.class]: Instantiation of bean failed; nested exception is org.springframework.beans.BeanInstantiationException: Failed to instantiate [com.sistema.ventas.exceptions.CustomAuthenticationEntryPoint]: Constructor threw exception; nested exception is java.lang.NoClassDefFoundError: com/sistema/ventas/util/ClassTypeAdapter
Caused by: org.springframework.beans.factory.BeanCreationException: Error creating bean with name 'customAuthenticationEntryPoint' defined in file [C:\workspace_ventas\sistema-ventas-api\target\classes\com\sistema\ventas\exceptions\CustomAuthenticationEntryPoint.class]: Instantiation of bean failed; nested exception is org.springframework.beans.BeanInstantiationException: Failed to instantiate [com.sistema.ventas.exceptions.CustomAuthenticationEntryPoint]: Constructor threw exception; nested exception is java.lang.NoClassDefFoundError: com/sistema/ventas/util/ClassTypeAdapter
Caused by: org.springframework.beans.BeanInstantiationException: Failed to instantiate [com.sistema.ventas.exceptions.CustomAuthenticationEntryPoint]: Constructor threw exception; nested exception is java.lang.NoClassDefFoundError: com/sistema/ventas/util/ClassTypeAdapter
Caused by: java.lang.NoClassDefFoundError: com/sistema/ventas/util/ClassTypeAdapter
Caused by: java.lang.ClassNotFoundException: com.sistema.ventas.util.ClassTypeAdapter

